[debug] [2022-05-20T17:45:53.360Z] ----------------------------------------------------------------------
[debug] [2022-05-20T17:45:53.363Z] Command:       C:\Program Files\nodejs\node.exe C:\Users\HP\AppData\Roaming\npm\node_modules\firebase-tools\lib\bin\firebase.js init
[debug] [2022-05-20T17:45:53.364Z] CLI Version:   10.6.0
[debug] [2022-05-20T17:45:53.365Z] Platform:      win32
[debug] [2022-05-20T17:45:53.365Z] Node Version:  v16.15.0
[debug] [2022-05-20T17:45:53.433Z] Time:          Fri May 20 2022 23:45:53 GMT+0600 (Bangladesh Standard Time)
[debug] [2022-05-20T17:45:53.434Z] ----------------------------------------------------------------------
[debug] 
[debug] [2022-05-20T17:45:53.453Z] >>> [apiv2][query] GET https://firebase-public.firebaseio.com/cli.json [none]
[debug] [2022-05-20T17:45:53.644Z] > command requires scopes: ["email","openid","https://www.googleapis.com/auth/cloudplatformprojects.readonly","https://www.googleapis.com/auth/firebase","https://www.googleapis.com/auth/cloud-platform"]
[debug] [2022-05-20T17:45:53.644Z] > authorizing via signed-in user (rahibrashid002@gmail.com)
[info] 
     ######## #### ########  ######## ########     ###     ######  ########
     ##        ##  ##     ## ##       ##     ##  ##   ##  ##       ##
     ######    ##  ########  ######   ########  #########  ######  ######
     ##        ##  ##    ##  ##       ##     ## ##     ##       ## ##
     ##       #### ##     ## ######## ########  ##     ##  ######  ########

You're about to initialize a Firebase project in this directory:

  F:\Programming Hero\Practice\With Database\Client-End\doctors-portal-client-side

Before we get started, keep in mind:

  * You are initializing within an existing Firebase project directory

[debug] [2022-05-20T17:45:54.738Z] <<< [apiv2][status] GET https://firebase-public.firebaseio.com/cli.json 200
[debug] [2022-05-20T17:45:54.739Z] <<< [apiv2][body] GET https://firebase-public.firebaseio.com/cli.json {"cloudBuildErrorAfter":1594252800000,"cloudBuildWarnAfter":1590019200000,"defaultNode10After":1594252800000,"minVersion":"3.0.5","node8DeploysDisabledAfter":1613390400000,"node8RuntimeDisabledAfter":1615809600000,"node8WarnAfter":1600128000000}
